<?xml version="1.0" encoding="UTF-8"?>
<testng-results skipped="0" failed="0" ignored="0" total="1" passed="1">
  <reporter-output>
  </reporter-output>
  <suite name="TestCase1" duration-ms="3708" started-at="2023-02-14T11:07:41 ICT" finished-at="2023-02-14T11:07:45 ICT">
    <groups>
    </groups>
    <test name="Command line test" duration-ms="3708" started-at="2023-02-14T11:07:41 ICT" finished-at="2023-02-14T11:07:45 ICT">
      <class name="TestCase1">
        <test-method status="PASS" signature="setUp()[pri:0, instance:TestCase1@5faeada1]" name="setUp" is-config="true" duration-ms="2011" started-at="2023-02-14T11:07:41 ICT" finished-at="2023-02-14T11:07:43 ICT">
          <reporter-output>
          </reporter-output>
        </test-method> <!-- setUp -->
        <test-method status="PASS" signature="setUpClass()[pri:0, instance:TestCase1@5faeada1]" name="setUpClass" is-config="true" duration-ms="0" started-at="2023-02-14T11:07:43 ICT" finished-at="2023-02-14T11:07:43 ICT">
          <reporter-output>
          </reporter-output>
        </test-method> <!-- setUpClass -->
        <test-method status="PASS" signature="setUpMethod()[pri:0, instance:TestCase1@5faeada1]" name="setUpMethod" is-config="true" duration-ms="0" started-at="2023-02-14T11:07:43 ICT" finished-at="2023-02-14T11:07:43 ICT">
          <reporter-output>
          </reporter-output>
        </test-method> <!-- setUpMethod -->
        <test-method status="PASS" signature="firstTry()[pri:0, instance:TestCase1@5faeada1]" name="firstTry" duration-ms="1104" started-at="2023-02-14T11:07:43 ICT" finished-at="2023-02-14T11:07:44 ICT">
          <reporter-output>
          </reporter-output>
        </test-method> <!-- firstTry -->
        <test-method status="PASS" signature="tearDownMethod()[pri:0, instance:TestCase1@5faeada1]" name="tearDownMethod" is-config="true" duration-ms="0" started-at="2023-02-14T11:07:44 ICT" finished-at="2023-02-14T11:07:44 ICT">
          <reporter-output>
          </reporter-output>
        </test-method> <!-- tearDownMethod -->
        <test-method status="PASS" signature="tearDownClass()[pri:0, instance:TestCase1@5faeada1]" name="tearDownClass" is-config="true" duration-ms="0" started-at="2023-02-14T11:07:44 ICT" finished-at="2023-02-14T11:07:44 ICT">
          <reporter-output>
          </reporter-output>
        </test-method> <!-- tearDownClass -->
        <test-method status="PASS" signature="tearDown()[pri:0, instance:TestCase1@5faeada1]" name="tearDown" is-config="true" duration-ms="561" started-at="2023-02-14T11:07:44 ICT" finished-at="2023-02-14T11:07:45 ICT">
          <reporter-output>
          </reporter-output>
        </test-method> <!-- tearDown -->
      </class> <!-- TestCase1 -->
    </test> <!-- Command line test -->
  </suite> <!-- TestCase1 -->
</testng-results>
